TN:
SF:src/server.ts
FNF:0
FNH:0
DA:1,1
DA:2,1
DA:3,1
DA:4,1
DA:5,1
DA:6,1
DA:7,1
DA:8,1
DA:9,1
DA:10,1
DA:11,1
DA:12,1
DA:13,1
DA:14,2
DA:15,0
DA:16,0
DA:17,0
DA:18,2
DA:19,2
LF:19
LH:16
BRDA:13,0,0,2
BRDA:14,1,0,0
BRF:2
BRH:1
end_of_record
TN:
SF:src/constants/index.ts
FNF:0
FNH:0
DA:1,1
LF:1
LH:1
BRF:0
BRH:0
end_of_record
TN:
SF:src/routes/matches.ts
FN:8,matchesRoutes
FN:9,handler
FN:36,handler
FN:67,handler
FN:96,handler
FN:131,handler
FN:192,handler
FN:246,handler
FNF:8
FNH:8
FNDA:2,matchesRoutes
FNDA:2,handler
FNDA:2,handler
FNDA:1,handler
FNDA:1,handler
FNDA:2,handler
FNDA:1,handler
FNDA:1,handler
DA:1,1
DA:2,1
DA:3,1
DA:4,1
DA:5,1
DA:6,1
DA:7,1
DA:8,1
DA:9,2
DA:10,2
DA:11,2
DA:12,2
DA:13,2
DA:14,2
DA:15,1
DA:16,1
DA:17,1
DA:18,1
DA:19,1
DA:20,1
DA:21,1
DA:22,1
DA:23,1
DA:24,1
DA:25,1
DA:26,2
DA:27,0
DA:28,0
DA:29,1
DA:30,1
DA:31,2
DA:32,0
DA:33,0
DA:34,2
DA:35,2
DA:36,2
DA:37,2
DA:38,2
DA:39,2
DA:40,2
DA:41,1
DA:42,1
DA:43,1
DA:44,1
DA:45,1
DA:46,1
DA:47,1
DA:48,1
DA:49,1
DA:50,1
DA:51,1
DA:52,1
DA:53,1
DA:54,1
DA:55,1
DA:56,1
DA:57,2
DA:58,0
DA:59,0
DA:60,1
DA:61,1
DA:62,2
DA:63,0
DA:64,0
DA:65,2
DA:66,2
DA:67,2
DA:68,1
DA:69,1
DA:70,1
DA:71,1
DA:72,1
DA:73,1
DA:74,1
DA:75,0
DA:76,0
DA:77,0
DA:78,0
DA:79,0
DA:80,0
DA:81,0
DA:82,0
DA:83,0
DA:84,0
DA:85,0
DA:86,0
DA:87,0
DA:88,0
DA:89,0
DA:90,0
DA:91,0
DA:92,0
DA:93,0
DA:94,2
DA:95,2
DA:96,2
DA:97,1
DA:98,1
DA:99,1
DA:100,1
DA:101,1
DA:102,1
DA:103,1
DA:104,0
DA:105,0
DA:106,0
DA:107,0
DA:108,0
DA:109,0
DA:110,0
DA:111,0
DA:112,0
DA:113,0
DA:114,0
DA:115,0
DA:116,0
DA:117,0
DA:118,0
DA:119,0
DA:120,0
DA:121,0
DA:122,0
DA:123,0
DA:124,0
DA:125,0
DA:126,0
DA:127,0
DA:128,0
DA:129,2
DA:130,2
DA:131,2
DA:132,2
DA:133,2
DA:134,2
DA:135,2
DA:136,2
DA:137,1
DA:138,1
DA:139,1
DA:140,2
DA:141,0
DA:142,0
DA:143,1
DA:144,1
DA:145,1
DA:146,1
DA:147,2
DA:148,0
DA:149,0
DA:150,1
DA:151,1
DA:152,20
DA:153,20
DA:154,1
DA:155,1
DA:156,1
DA:157,1
DA:158,1
DA:159,1
DA:160,1
DA:161,1
DA:162,1
DA:163,1
DA:164,1
DA:165,20
DA:166,96
DA:167,20
DA:168,20
DA:169,20
DA:170,20
DA:171,20
DA:172,20
DA:173,20
DA:174,20
DA:175,20
DA:176,12
DA:177,20
DA:178,8
DA:179,8
DA:180,1
DA:181,1
DA:182,1
DA:183,1
DA:184,1
DA:185,1
DA:186,1
DA:187,2
DA:188,0
DA:189,0
DA:190,2
DA:191,2
DA:192,2
DA:193,1
DA:194,1
DA:195,1
DA:196,1
DA:197,1
DA:198,1
DA:199,1
DA:200,0
DA:201,0
DA:202,0
DA:203,0
DA:204,0
DA:205,0
DA:206,0
DA:207,0
DA:208,0
DA:209,0
DA:210,0
DA:211,0
DA:212,0
DA:213,0
DA:214,0
DA:215,0
DA:216,0
DA:217,0
DA:218,0
DA:219,0
DA:220,0
DA:221,0
DA:222,0
DA:223,0
DA:224,0
DA:225,0
DA:226,0
DA:227,0
DA:228,0
DA:229,0
DA:230,0
DA:231,0
DA:232,0
DA:233,0
DA:234,0
DA:235,0
DA:236,0
DA:237,0
DA:238,0
DA:239,0
DA:240,0
DA:241,0
DA:242,0
DA:243,0
DA:244,2
DA:245,2
DA:246,2
DA:247,1
DA:248,1
DA:249,1
DA:250,1
DA:251,1
DA:252,1
DA:253,1
DA:254,0
DA:255,0
DA:256,0
DA:257,0
DA:258,0
DA:259,0
DA:260,0
DA:261,0
DA:262,0
DA:263,0
DA:264,0
DA:265,0
DA:266,0
DA:267,0
DA:268,0
DA:269,0
DA:270,0
DA:271,0
DA:272,0
DA:273,0
DA:274,0
DA:275,0
DA:276,0
DA:277,2
DA:278,2
LF:278
LH:153
BRDA:8,0,0,2
BRDA:9,1,0,2
BRDA:14,2,0,1
BRDA:26,3,0,0
BRDA:29,4,0,1
BRDA:31,5,0,0
BRDA:36,6,0,2
BRDA:40,7,0,1
BRDA:57,8,0,0
BRDA:60,9,0,1
BRDA:62,10,0,0
BRDA:67,11,0,1
BRDA:75,12,0,0
BRDA:96,13,0,1
BRDA:104,14,0,0
BRDA:131,15,0,2
BRDA:136,16,0,1
BRDA:140,17,0,0
BRDA:143,18,0,1
BRDA:147,19,0,0
BRDA:150,20,0,1
BRDA:187,21,0,0
BRDA:151,22,0,20
BRDA:164,23,0,20
BRDA:175,24,0,12
BRDA:177,25,0,8
BRDA:165,26,0,96
BRDA:173,27,0,30
BRDA:192,28,0,1
BRDA:200,29,0,0
BRDA:246,30,0,1
BRDA:254,31,0,0
BRF:32
BRH:21
end_of_record
TN:
SF:src/routes/player.ts
FN:7,playerRoutes
FN:8,handler
FNF:2
FNH:2
FNDA:2,playerRoutes
FNDA:3,handler
DA:1,1
DA:2,1
DA:3,1
DA:4,1
DA:5,1
DA:6,1
DA:7,1
DA:8,2
DA:9,3
DA:10,3
DA:11,3
DA:12,3
DA:13,1
DA:14,1
DA:15,2
DA:16,3
DA:17,1
DA:18,1
DA:19,1
DA:20,1
DA:21,1
DA:22,1
DA:23,1
DA:24,1
DA:25,3
DA:26,0
DA:27,0
DA:28,2
DA:29,2
LF:29
LH:27
BRDA:7,0,0,2
BRDA:8,1,0,3
BRDA:12,2,0,1
BRDA:15,3,0,2
BRDA:16,4,0,1
BRDA:25,5,0,0
BRF:6
BRH:5
end_of_record
TN:
SF:src/service/index.ts
FN:3,getApi
FNF:1
FNH:1
FNDA:4,getApi
DA:1,1
DA:2,1
DA:3,1
DA:4,4
DA:5,4
DA:6,4
DA:7,4
DA:8,24
DA:9,24
DA:10,24
DA:11,4
DA:12,4
DA:13,0
DA:14,0
DA:15,4
DA:16,4
DA:17,4
DA:18,4
LF:18
LH:16
BRDA:3,0,0,4
BRDA:7,1,0,24
BRF:2
BRH:2
end_of_record
TN:
SF:src/shared/matches.ts
FN:5,handleFindRelatedPlayers
FNF:1
FNH:0
FNDA:0,handleFindRelatedPlayers
DA:1,1
DA:2,1
DA:3,1
DA:4,1
DA:5,1
DA:6,0
DA:7,0
DA:8,0
DA:9,0
DA:10,0
DA:11,0
DA:12,0
DA:13,0
DA:14,0
DA:15,0
DA:16,0
DA:17,0
DA:18,0
DA:19,0
DA:20,0
DA:21,0
DA:22,0
DA:23,0
DA:24,0
DA:25,0
DA:26,0
DA:27,0
DA:28,0
DA:29,0
DA:30,0
DA:31,0
DA:32,0
DA:33,0
DA:34,0
DA:35,0
DA:36,0
DA:37,0
DA:38,0
DA:39,0
DA:40,0
DA:41,0
DA:42,0
DA:43,0
DA:44,0
DA:45,0
DA:46,0
DA:47,0
DA:48,0
DA:49,0
DA:50,0
DA:51,0
DA:52,0
DA:53,0
DA:54,0
DA:55,0
DA:56,0
DA:57,0
DA:58,0
DA:59,0
DA:60,0
DA:61,0
LF:61
LH:5
BRF:0
BRH:0
end_of_record
